<?xml version="1.0" encoding="UTF-8"?>
<!-- Generated by org.testng.reporters.JUnitReportReporter -->
<testsuite hostname="DESKTOP-PTHTCDU" failures="0" tests="1" name="testCases.LoginPageTest" time="11.877" errors="0" timestamp="2025-05-25T17:11:41 IST" skipped="0">
  <testcase classname="testCases.LoginPageTest" name="runLoginTest" time="11.877"/>
</testsuite> <!-- testCases.LoginPageTest -->
