<?xml version="1.0" encoding="UTF-8"?>
<!-- Generated by org.testng.reporters.JUnitReportReporter -->
<testsuite hostname="DESKTOP-PTHTCDU" failures="0" tests="3" name="testCases.LoginWithDDT" time="53.980" errors="0" timestamp="2025-05-27T10:39:22 IST" skipped="0">
  <testcase classname="testCases.LoginWithDDT" name="loginDDT" time="11.364"/>
  <testcase classname="testCases.LoginWithDDT" name="loginDDT" time="18.428"/>
  <testcase classname="testCases.LoginWithDDT" name="loginDDT" time="24.188"/>
</testsuite> <!-- testCases.LoginWithDDT -->
